CRITICAL - 2024-01-10 15:31:41 --> CodeIgniter\Exceptions\FrameworkException: The framework needs the following extension(s) installed and loaded: intl.
in SYSTEMPATH\CodeIgniter.php on line 252.
 1 SYSTEMPATH\CodeIgniter.php(252): CodeIgniter\Exceptions\FrameworkException::forMissingExtension('intl')
 2 SYSTEMPATH\CodeIgniter.php(214): CodeIgniter\CodeIgniter->resolvePlatformExtensions()
 3 FCPATH\index.php(67): CodeIgniter\CodeIgniter->initialize()
CRITICAL - 2024-01-10 15:32:10 --> CodeIgniter\Exceptions\FrameworkException: The framework needs the following extension(s) installed and loaded: intl.
in SYSTEMPATH\CodeIgniter.php on line 252.
 1 SYSTEMPATH\CodeIgniter.php(252): CodeIgniter\Exceptions\FrameworkException::forMissingExtension('intl')
 2 SYSTEMPATH\CodeIgniter.php(214): CodeIgniter\CodeIgniter->resolvePlatformExtensions()
 3 FCPATH\index.php(67): CodeIgniter\CodeIgniter->initialize()
CRITICAL - 2024-01-10 15:32:11 --> CodeIgniter\Exceptions\FrameworkException: The framework needs the following extension(s) installed and loaded: intl.
in SYSTEMPATH\CodeIgniter.php on line 252.
 1 SYSTEMPATH\CodeIgniter.php(252): CodeIgniter\Exceptions\FrameworkException::forMissingExtension('intl')
 2 SYSTEMPATH\CodeIgniter.php(214): CodeIgniter\CodeIgniter->resolvePlatformExtensions()
 3 FCPATH\index.php(67): CodeIgniter\CodeIgniter->initialize()
CRITICAL - 2024-01-10 15:32:16 --> CodeIgniter\Exceptions\FrameworkException: The framework needs the following extension(s) installed and loaded: intl.
in SYSTEMPATH\CodeIgniter.php on line 252.
 1 SYSTEMPATH\CodeIgniter.php(252): CodeIgniter\Exceptions\FrameworkException::forMissingExtension('intl')
 2 SYSTEMPATH\CodeIgniter.php(214): CodeIgniter\CodeIgniter->resolvePlatformExtensions()
 3 FCPATH\index.php(67): CodeIgniter\CodeIgniter->initialize()
CRITICAL - 2024-01-10 15:35:26 --> CodeIgniter\Exceptions\FrameworkException: The framework needs the following extension(s) installed and loaded: intl.
in SYSTEMPATH\CodeIgniter.php on line 252.
 1 SYSTEMPATH\CodeIgniter.php(252): CodeIgniter\Exceptions\FrameworkException::forMissingExtension('intl')
 2 SYSTEMPATH\CodeIgniter.php(214): CodeIgniter\CodeIgniter->resolvePlatformExtensions()
 3 FCPATH\index.php(67): CodeIgniter\CodeIgniter->initialize()
CRITICAL - 2024-01-10 15:35:29 --> CodeIgniter\Exceptions\FrameworkException: The framework needs the following extension(s) installed and loaded: intl.
in SYSTEMPATH\CodeIgniter.php on line 252.
 1 SYSTEMPATH\CodeIgniter.php(252): CodeIgniter\Exceptions\FrameworkException::forMissingExtension('intl')
 2 SYSTEMPATH\CodeIgniter.php(214): CodeIgniter\CodeIgniter->resolvePlatformExtensions()
 3 FCPATH\index.php(67): CodeIgniter\CodeIgniter->initialize()
CRITICAL - 2024-01-10 15:46:08 --> CodeIgniter\Exceptions\FrameworkException: The framework needs the following extension(s) installed and loaded: intl, mbstring.
in SYSTEMPATH\CodeIgniter.php on line 252.
 1 SYSTEMPATH\CodeIgniter.php(252): CodeIgniter\Exceptions\FrameworkException::forMissingExtension('intl, mbstring')
 2 SYSTEMPATH\CodeIgniter.php(214): CodeIgniter\CodeIgniter->resolvePlatformExtensions()
 3 ROOTPATH\spark(88): CodeIgniter\CodeIgniter->initialize()
CRITICAL - 2024-01-10 15:46:08 --> ErrorException: Uncaught Error: Class "Locale" not found in C:\MAMP\htdocs\dcwedding_api\system\I18n\TimeTrait.php:74
Stack trace:
#0 C:\MAMP\htdocs\dcwedding_api\system\I18n\TimeTrait.php(115): CodeIgniter\I18n\Time->__construct(NULL, NULL, NULL)
#1 C:\MAMP\htdocs\dcwedding_api\system\HTTP\ResponseTrait.php(468): CodeIgniter\I18n\Time::now()
#2 C:\MAMP\htdocs\dcwedding_api\system\HTTP\ResponseTrait.php(446): CodeIgniter\HTTP\Response->sendHeaders()
#3 C:\MAMP\htdocs\dcwedding_api\system\Debug\ExceptionHandler.php(81): CodeIgniter\HTTP\Response->send()
#4 C:\MAMP\htdocs\dcwedding_api\system\Debug\Exceptions.php(156): CodeIgniter\Debug\ExceptionHandler->handle(Object(CodeIgniter\Exceptions\FrameworkException), Object(CodeIgniter\HTTP\IncomingRequest), Object(CodeIgniter\HTTP\Response), 500, 1)
#5 [internal function]: CodeIgniter\Debug\Exceptions->exceptionHandler(Object(CodeIgniter\Exceptions\FrameworkException))
#6 {main}
  thrown
【Previous Exception】
CodeIgniter\Exceptions\FrameworkException
The framework needs the following extension(s) installed and loaded: intl, mbstring.
#0 C:\MAMP\htdocs\dcwedding_api\system\CodeIgniter.php(252): CodeIgniter\Exceptions\FrameworkException::forMissingExtension('intl, mbstring')
#1 C:\MAMP\htdocs\dcwedding_api\system\CodeIgniter.php(214): CodeIgniter\CodeIgniter->resolvePlatformExtensions()
#2 C:\MAMP\htdocs\dcwedding_api\spark(88): CodeIgniter\CodeIgniter->initialize()
#3 {main}
in SYSTEMPATH\I18n\TimeTrait.php on line 74.
 1 [internal function]: CodeIgniter\Debug\Exceptions->shutdownHandler()
CRITICAL - 2024-01-10 15:46:48 --> CodeIgniter\Exceptions\FrameworkException: The framework needs the following extension(s) installed and loaded: intl, mbstring.
in SYSTEMPATH\CodeIgniter.php on line 252.
 1 SYSTEMPATH\CodeIgniter.php(252): CodeIgniter\Exceptions\FrameworkException::forMissingExtension('intl, mbstring')
 2 SYSTEMPATH\CodeIgniter.php(214): CodeIgniter\CodeIgniter->resolvePlatformExtensions()
 3 ROOTPATH\spark(88): CodeIgniter\CodeIgniter->initialize()
CRITICAL - 2024-01-10 15:46:48 --> ErrorException: Uncaught Error: Class "Locale" not found in C:\MAMP\htdocs\dcwedding_api\system\I18n\TimeTrait.php:74
Stack trace:
#0 C:\MAMP\htdocs\dcwedding_api\system\I18n\TimeTrait.php(115): CodeIgniter\I18n\Time->__construct(NULL, NULL, NULL)
#1 C:\MAMP\htdocs\dcwedding_api\system\HTTP\ResponseTrait.php(468): CodeIgniter\I18n\Time::now()
#2 C:\MAMP\htdocs\dcwedding_api\system\HTTP\ResponseTrait.php(446): CodeIgniter\HTTP\Response->sendHeaders()
#3 C:\MAMP\htdocs\dcwedding_api\system\Debug\ExceptionHandler.php(81): CodeIgniter\HTTP\Response->send()
#4 C:\MAMP\htdocs\dcwedding_api\system\Debug\Exceptions.php(156): CodeIgniter\Debug\ExceptionHandler->handle(Object(CodeIgniter\Exceptions\FrameworkException), Object(CodeIgniter\HTTP\IncomingRequest), Object(CodeIgniter\HTTP\Response), 500, 1)
#5 [internal function]: CodeIgniter\Debug\Exceptions->exceptionHandler(Object(CodeIgniter\Exceptions\FrameworkException))
#6 {main}
  thrown
【Previous Exception】
CodeIgniter\Exceptions\FrameworkException
The framework needs the following extension(s) installed and loaded: intl, mbstring.
#0 C:\MAMP\htdocs\dcwedding_api\system\CodeIgniter.php(252): CodeIgniter\Exceptions\FrameworkException::forMissingExtension('intl, mbstring')
#1 C:\MAMP\htdocs\dcwedding_api\system\CodeIgniter.php(214): CodeIgniter\CodeIgniter->resolvePlatformExtensions()
#2 C:\MAMP\htdocs\dcwedding_api\spark(88): CodeIgniter\CodeIgniter->initialize()
#3 {main}
in SYSTEMPATH\I18n\TimeTrait.php on line 74.
 1 [internal function]: CodeIgniter\Debug\Exceptions->shutdownHandler()
CRITICAL - 2024-01-10 15:47:36 --> CodeIgniter\Exceptions\FrameworkException: The framework needs the following extension(s) installed and loaded: intl, mbstring.
in SYSTEMPATH\CodeIgniter.php on line 252.
 1 SYSTEMPATH\CodeIgniter.php(252): CodeIgniter\Exceptions\FrameworkException::forMissingExtension('intl, mbstring')
 2 SYSTEMPATH\CodeIgniter.php(214): CodeIgniter\CodeIgniter->resolvePlatformExtensions()
 3 ROOTPATH\spark(88): CodeIgniter\CodeIgniter->initialize()
CRITICAL - 2024-01-10 15:47:36 --> ErrorException: Uncaught Error: Class "Locale" not found in C:\MAMP\htdocs\dcwedding_api\system\I18n\TimeTrait.php:74
Stack trace:
#0 C:\MAMP\htdocs\dcwedding_api\system\I18n\TimeTrait.php(115): CodeIgniter\I18n\Time->__construct(NULL, NULL, NULL)
#1 C:\MAMP\htdocs\dcwedding_api\system\HTTP\ResponseTrait.php(468): CodeIgniter\I18n\Time::now()
#2 C:\MAMP\htdocs\dcwedding_api\system\HTTP\ResponseTrait.php(446): CodeIgniter\HTTP\Response->sendHeaders()
#3 C:\MAMP\htdocs\dcwedding_api\system\Debug\ExceptionHandler.php(81): CodeIgniter\HTTP\Response->send()
#4 C:\MAMP\htdocs\dcwedding_api\system\Debug\Exceptions.php(156): CodeIgniter\Debug\ExceptionHandler->handle(Object(CodeIgniter\Exceptions\FrameworkException), Object(CodeIgniter\HTTP\IncomingRequest), Object(CodeIgniter\HTTP\Response), 500, 1)
#5 [internal function]: CodeIgniter\Debug\Exceptions->exceptionHandler(Object(CodeIgniter\Exceptions\FrameworkException))
#6 {main}
  thrown
【Previous Exception】
CodeIgniter\Exceptions\FrameworkException
The framework needs the following extension(s) installed and loaded: intl, mbstring.
#0 C:\MAMP\htdocs\dcwedding_api\system\CodeIgniter.php(252): CodeIgniter\Exceptions\FrameworkException::forMissingExtension('intl, mbstring')
#1 C:\MAMP\htdocs\dcwedding_api\system\CodeIgniter.php(214): CodeIgniter\CodeIgniter->resolvePlatformExtensions()
#2 C:\MAMP\htdocs\dcwedding_api\spark(88): CodeIgniter\CodeIgniter->initialize()
#3 {main}
in SYSTEMPATH\I18n\TimeTrait.php on line 74.
 1 [internal function]: CodeIgniter\Debug\Exceptions->shutdownHandler()
CRITICAL - 2024-01-10 15:50:44 --> CodeIgniter\Exceptions\FrameworkException: The framework needs the following extension(s) installed and loaded: intl.
in SYSTEMPATH\CodeIgniter.php on line 252.
 1 SYSTEMPATH\CodeIgniter.php(252): CodeIgniter\Exceptions\FrameworkException::forMissingExtension()
 2 SYSTEMPATH\CodeIgniter.php(214): CodeIgniter\CodeIgniter->resolvePlatformExtensions()
 3 ROOTPATH\spark(88): CodeIgniter\CodeIgniter->initialize()
CRITICAL - 2024-01-10 15:50:44 --> ErrorException: Uncaught Error: Class "Locale" not found in C:\MAMP\htdocs\dcwedding_api\system\I18n\TimeTrait.php:74
Stack trace:
#0 C:\MAMP\htdocs\dcwedding_api\system\I18n\TimeTrait.php(115): CodeIgniter\I18n\Time->__construct()
#1 C:\MAMP\htdocs\dcwedding_api\system\HTTP\ResponseTrait.php(468): CodeIgniter\I18n\Time::now()
#2 C:\MAMP\htdocs\dcwedding_api\system\HTTP\ResponseTrait.php(446): CodeIgniter\HTTP\Response->sendHeaders()
#3 C:\MAMP\htdocs\dcwedding_api\system\Debug\ExceptionHandler.php(81): CodeIgniter\HTTP\Response->send()
#4 C:\MAMP\htdocs\dcwedding_api\system\Debug\Exceptions.php(156): CodeIgniter\Debug\ExceptionHandler->handle()
#5 [internal function]: CodeIgniter\Debug\Exceptions->exceptionHandler()
#6 {main}
  thrown
【Previous Exception】
CodeIgniter\Exceptions\FrameworkException
The framework needs the following extension(s) installed and loaded: intl.
#0 C:\MAMP\htdocs\dcwedding_api\system\CodeIgniter.php(252): CodeIgniter\Exceptions\FrameworkException::forMissingExtension()
#1 C:\MAMP\htdocs\dcwedding_api\system\CodeIgniter.php(214): CodeIgniter\CodeIgniter->resolvePlatformExtensions()
#2 C:\MAMP\htdocs\dcwedding_api\spark(88): CodeIgniter\CodeIgniter->initialize()
#3 {main}
in SYSTEMPATH\I18n\TimeTrait.php on line 74.
 1 [internal function]: CodeIgniter\Debug\Exceptions->shutdownHandler()
CRITICAL - 2024-01-10 15:54:44 --> Error: Class "Locale" not found
in SYSTEMPATH\CodeIgniter.php on line 218.
 1 ROOTPATH\spark(88): CodeIgniter\CodeIgniter->initialize()
CRITICAL - 2024-01-10 15:54:44 --> ErrorException: Uncaught Error: Class "Locale" not found in C:\MAMP\htdocs\dcwedding_api\system\I18n\TimeTrait.php:74
Stack trace:
#0 C:\MAMP\htdocs\dcwedding_api\system\I18n\TimeTrait.php(115): CodeIgniter\I18n\Time->__construct()
#1 C:\MAMP\htdocs\dcwedding_api\system\HTTP\ResponseTrait.php(468): CodeIgniter\I18n\Time::now()
#2 C:\MAMP\htdocs\dcwedding_api\system\HTTP\ResponseTrait.php(446): CodeIgniter\HTTP\Response->sendHeaders()
#3 C:\MAMP\htdocs\dcwedding_api\system\Debug\ExceptionHandler.php(81): CodeIgniter\HTTP\Response->send()
#4 C:\MAMP\htdocs\dcwedding_api\system\Debug\Exceptions.php(156): CodeIgniter\Debug\ExceptionHandler->handle()
#5 [internal function]: CodeIgniter\Debug\Exceptions->exceptionHandler()
#6 {main}
  thrown
【Previous Exception】
Error
Class "Locale" not found
#0 C:\MAMP\htdocs\dcwedding_api\spark(88): CodeIgniter\CodeIgniter->initialize()
#1 {main}
in SYSTEMPATH\I18n\TimeTrait.php on line 74.
 1 [internal function]: CodeIgniter\Debug\Exceptions->shutdownHandler()
CRITICAL - 2024-01-10 15:57:24 --> Error: Class "Locale" not found
in SYSTEMPATH\CodeIgniter.php on line 218.
 1 ROOTPATH\spark(88): CodeIgniter\CodeIgniter->initialize()
CRITICAL - 2024-01-10 15:57:25 --> ErrorException: Uncaught Error: Class "Locale" not found in C:\MAMP\htdocs\dcwedding_api\system\I18n\TimeTrait.php:74
Stack trace:
#0 C:\MAMP\htdocs\dcwedding_api\system\I18n\TimeTrait.php(115): CodeIgniter\I18n\Time->__construct()
#1 C:\MAMP\htdocs\dcwedding_api\system\HTTP\ResponseTrait.php(468): CodeIgniter\I18n\Time::now()
#2 C:\MAMP\htdocs\dcwedding_api\system\HTTP\ResponseTrait.php(446): CodeIgniter\HTTP\Response->sendHeaders()
#3 C:\MAMP\htdocs\dcwedding_api\system\Debug\ExceptionHandler.php(81): CodeIgniter\HTTP\Response->send()
#4 C:\MAMP\htdocs\dcwedding_api\system\Debug\Exceptions.php(156): CodeIgniter\Debug\ExceptionHandler->handle()
#5 [internal function]: CodeIgniter\Debug\Exceptions->exceptionHandler()
#6 {main}
  thrown
【Previous Exception】
Error
Class "Locale" not found
#0 C:\MAMP\htdocs\dcwedding_api\spark(88): CodeIgniter\CodeIgniter->initialize()
#1 {main}
in SYSTEMPATH\I18n\TimeTrait.php on line 74.
 1 [internal function]: CodeIgniter\Debug\Exceptions->shutdownHandler()
CRITICAL - 2024-01-10 16:02:48 --> Error: Class "Locale" not found
in SYSTEMPATH\CodeIgniter.php on line 218.
 1 ROOTPATH\spark(88): CodeIgniter\CodeIgniter->initialize()
CRITICAL - 2024-01-10 16:02:48 --> ErrorException: Uncaught Error: Class "Locale" not found in C:\MAMP\htdocs\dcwedding_api\system\I18n\TimeTrait.php:74
Stack trace:
#0 C:\MAMP\htdocs\dcwedding_api\system\I18n\TimeTrait.php(115): CodeIgniter\I18n\Time->__construct()
#1 C:\MAMP\htdocs\dcwedding_api\system\HTTP\ResponseTrait.php(468): CodeIgniter\I18n\Time::now()
#2 C:\MAMP\htdocs\dcwedding_api\system\HTTP\ResponseTrait.php(446): CodeIgniter\HTTP\Response->sendHeaders()
#3 C:\MAMP\htdocs\dcwedding_api\system\Debug\ExceptionHandler.php(81): CodeIgniter\HTTP\Response->send()
#4 C:\MAMP\htdocs\dcwedding_api\system\Debug\Exceptions.php(156): CodeIgniter\Debug\ExceptionHandler->handle()
#5 [internal function]: CodeIgniter\Debug\Exceptions->exceptionHandler()
#6 {main}
  thrown
【Previous Exception】
Error
Class "Locale" not found
#0 C:\MAMP\htdocs\dcwedding_api\spark(88): CodeIgniter\CodeIgniter->initialize()
#1 {main}
in SYSTEMPATH\I18n\TimeTrait.php on line 74.
 1 [internal function]: CodeIgniter\Debug\Exceptions->shutdownHandler()
CRITICAL - 2024-01-10 16:18:23 --> Error: Undefined constant "CodeIgniter\Database\MySQLi\MYSQLI_STORE_RESULT"
in SYSTEMPATH\Database\Database.php on line 137.
 1 SYSTEMPATH\Database\Database.php(55): CodeIgniter\Database\Database->initDriver()
 2 SYSTEMPATH\Database\Config.php(82): CodeIgniter\Database\Database->load()
 3 SYSTEMPATH\Common.php(365): CodeIgniter\Database\Config::connect()
 4 SYSTEMPATH\Database\MigrationRunner.php(144): db_connect()
 5 SYSTEMPATH\Config\Services.php(417): CodeIgniter\Database\MigrationRunner->__construct()
 6 SYSTEMPATH\Config\BaseService.php(258): CodeIgniter\Config\Services::migrations()
 7 SYSTEMPATH\Config\BaseService.php(199): CodeIgniter\Config\BaseService::__callStatic()
 8 SYSTEMPATH\Config\Services.php(412): CodeIgniter\Config\BaseService::getSharedInstance()
 9 SYSTEMPATH\Config\BaseService.php(258): CodeIgniter\Config\Services::migrations()
10 SYSTEMPATH\Commands\Database\Migrate.php(69): CodeIgniter\Config\BaseService::__callStatic()
11 SYSTEMPATH\CLI\Commands.php(65): CodeIgniter\Commands\Database\Migrate->run()
12 SYSTEMPATH\CLI\Console.php(46): CodeIgniter\CLI\Commands->run()
13 ROOTPATH\spark(102): CodeIgniter\CLI\Console->run()
CRITICAL - 2024-01-10 16:23:50 --> ParseError: syntax error, unexpected end of file
in APPPATH\Config\Routes.php on line 12.
 1 SYSTEMPATH\CLI\Console.php(39): CodeIgniter\Router\RouteCollection->loadRoutes()
 2 ROOTPATH\spark(102): CodeIgniter\CLI\Console->run()
CRITICAL - 2024-01-10 16:28:40 --> CodeIgniter\Database\Exceptions\DataException: Allowed fields must be specified for model: "App\Models\RsvpModel"
in SYSTEMPATH\Model.php on line 766.
 1 SYSTEMPATH\Model.php(766): CodeIgniter\Database\Exceptions\DataException::forInvalidAllowedFields()
 2 SYSTEMPATH\BaseModel.php(783): CodeIgniter\Model->doProtectFieldsForInsert()
 3 SYSTEMPATH\Model.php(744): CodeIgniter\BaseModel->insert()
 4 APPPATH\Controllers\Rsvp.php(59): CodeIgniter\Model->insert()
 5 SYSTEMPATH\CodeIgniter.php(941): App\Controllers\Rsvp->create()
 6 SYSTEMPATH\CodeIgniter.php(502): CodeIgniter\CodeIgniter->runController()
 7 SYSTEMPATH\CodeIgniter.php(361): CodeIgniter\CodeIgniter->handleRequest()
 8 FCPATH\index.php(79): CodeIgniter\CodeIgniter->run()
 9 SYSTEMPATH\Commands\Server\rewrite.php(47): require_once('C:\\MAMP\\htdocs\\dcwedding_api\\public\\index.php')
CRITICAL - 2024-01-10 16:29:06 --> CodeIgniter\Database\Exceptions\DataException: Allowed fields must be specified for model: "App\Models\RsvpModel"
in SYSTEMPATH\Model.php on line 766.
 1 SYSTEMPATH\Model.php(766): CodeIgniter\Database\Exceptions\DataException::forInvalidAllowedFields()
 2 SYSTEMPATH\BaseModel.php(783): CodeIgniter\Model->doProtectFieldsForInsert()
 3 SYSTEMPATH\Model.php(744): CodeIgniter\BaseModel->insert()
 4 APPPATH\Controllers\Rsvp.php(59): CodeIgniter\Model->insert()
 5 SYSTEMPATH\CodeIgniter.php(941): App\Controllers\Rsvp->create()
 6 SYSTEMPATH\CodeIgniter.php(502): CodeIgniter\CodeIgniter->runController()
 7 SYSTEMPATH\CodeIgniter.php(361): CodeIgniter\CodeIgniter->handleRequest()
 8 FCPATH\index.php(79): CodeIgniter\CodeIgniter->run()
 9 SYSTEMPATH\Commands\Server\rewrite.php(47): require_once('C:\\MAMP\\htdocs\\dcwedding_api\\public\\index.php')
CRITICAL - 2024-01-10 16:29:42 --> CodeIgniter\Database\Exceptions\DataException: Allowed fields must be specified for model: "App\Models\RsvpModel"
in SYSTEMPATH\Model.php on line 766.
 1 SYSTEMPATH\Model.php(766): CodeIgniter\Database\Exceptions\DataException::forInvalidAllowedFields()
 2 SYSTEMPATH\BaseModel.php(783): CodeIgniter\Model->doProtectFieldsForInsert()
 3 SYSTEMPATH\Model.php(744): CodeIgniter\BaseModel->insert()
 4 APPPATH\Controllers\Rsvp.php(59): CodeIgniter\Model->insert()
 5 SYSTEMPATH\CodeIgniter.php(941): App\Controllers\Rsvp->create()
 6 SYSTEMPATH\CodeIgniter.php(502): CodeIgniter\CodeIgniter->runController()
 7 SYSTEMPATH\CodeIgniter.php(361): CodeIgniter\CodeIgniter->handleRequest()
 8 FCPATH\index.php(79): CodeIgniter\CodeIgniter->run()
 9 SYSTEMPATH\Commands\Server\rewrite.php(47): require_once('C:\\MAMP\\htdocs\\dcwedding_api\\public\\index.php')
CRITICAL - 2024-01-10 16:30:07 --> CodeIgniter\Database\Exceptions\DataException: Allowed fields must be specified for model: "App\Models\RsvpModel"
in SYSTEMPATH\Model.php on line 766.
 1 SYSTEMPATH\Model.php(766): CodeIgniter\Database\Exceptions\DataException::forInvalidAllowedFields()
 2 SYSTEMPATH\BaseModel.php(783): CodeIgniter\Model->doProtectFieldsForInsert()
 3 SYSTEMPATH\Model.php(744): CodeIgniter\BaseModel->insert()
 4 APPPATH\Controllers\Rsvp.php(59): CodeIgniter\Model->insert()
 5 SYSTEMPATH\CodeIgniter.php(941): App\Controllers\Rsvp->create()
 6 SYSTEMPATH\CodeIgniter.php(502): CodeIgniter\CodeIgniter->runController()
 7 SYSTEMPATH\CodeIgniter.php(361): CodeIgniter\CodeIgniter->handleRequest()
 8 FCPATH\index.php(79): CodeIgniter\CodeIgniter->run()
 9 SYSTEMPATH\Commands\Server\rewrite.php(47): require_once('C:\\MAMP\\htdocs\\dcwedding_api\\public\\index.php')
CRITICAL - 2024-01-10 16:30:54 --> CodeIgniter\Database\Exceptions\DataException: Allowed fields must be specified for model: "App\Models\RsvpModel"
in SYSTEMPATH\Model.php on line 766.
 1 SYSTEMPATH\Model.php(766): CodeIgniter\Database\Exceptions\DataException::forInvalidAllowedFields()
 2 SYSTEMPATH\BaseModel.php(783): CodeIgniter\Model->doProtectFieldsForInsert()
 3 SYSTEMPATH\Model.php(744): CodeIgniter\BaseModel->insert()
 4 APPPATH\Controllers\Rsvp.php(59): CodeIgniter\Model->insert()
 5 SYSTEMPATH\CodeIgniter.php(941): App\Controllers\Rsvp->create()
 6 SYSTEMPATH\CodeIgniter.php(502): CodeIgniter\CodeIgniter->runController()
 7 SYSTEMPATH\CodeIgniter.php(361): CodeIgniter\CodeIgniter->handleRequest()
 8 FCPATH\index.php(79): CodeIgniter\CodeIgniter->run()
 9 SYSTEMPATH\Commands\Server\rewrite.php(47): require_once('C:\\MAMP\\htdocs\\dcwedding_api\\public\\index.php')
CRITICAL - 2024-01-10 16:32:54 --> CodeIgniter\Database\Exceptions\DataException: Allowed fields must be specified for model: "App\Models\RsvpModel"
in SYSTEMPATH\Model.php on line 766.
 1 SYSTEMPATH\Model.php(766): CodeIgniter\Database\Exceptions\DataException::forInvalidAllowedFields()
 2 SYSTEMPATH\BaseModel.php(783): CodeIgniter\Model->doProtectFieldsForInsert()
 3 SYSTEMPATH\Model.php(744): CodeIgniter\BaseModel->insert()
 4 APPPATH\Controllers\Rsvp.php(59): CodeIgniter\Model->insert()
 5 SYSTEMPATH\CodeIgniter.php(941): App\Controllers\Rsvp->create()
 6 SYSTEMPATH\CodeIgniter.php(502): CodeIgniter\CodeIgniter->runController()
 7 SYSTEMPATH\CodeIgniter.php(361): CodeIgniter\CodeIgniter->handleRequest()
 8 FCPATH\index.php(79): CodeIgniter\CodeIgniter->run()
 9 SYSTEMPATH\Commands\Server\rewrite.php(47): require_once('C:\\MAMP\\htdocs\\dcwedding_api\\public\\index.php')
CRITICAL - 2024-01-10 16:35:15 --> CodeIgniter\Database\Exceptions\DataException: Allowed fields must be specified for model: "App\Models\RsvpModel"
in SYSTEMPATH\Model.php on line 766.
 1 SYSTEMPATH\Model.php(766): CodeIgniter\Database\Exceptions\DataException::forInvalidAllowedFields()
 2 SYSTEMPATH\BaseModel.php(783): CodeIgniter\Model->doProtectFieldsForInsert()
 3 SYSTEMPATH\Model.php(744): CodeIgniter\BaseModel->insert()
 4 APPPATH\Controllers\Rsvp.php(59): CodeIgniter\Model->insert()
 5 SYSTEMPATH\CodeIgniter.php(941): App\Controllers\Rsvp->create()
 6 SYSTEMPATH\CodeIgniter.php(502): CodeIgniter\CodeIgniter->runController()
 7 SYSTEMPATH\CodeIgniter.php(361): CodeIgniter\CodeIgniter->handleRequest()
 8 FCPATH\index.php(79): CodeIgniter\CodeIgniter->run()
 9 SYSTEMPATH\Commands\Server\rewrite.php(47): require_once('C:\\MAMP\\htdocs\\dcwedding_api\\public\\index.php')
CRITICAL - 2024-01-10 16:35:17 --> CodeIgniter\Database\Exceptions\DataException: Allowed fields must be specified for model: "App\Models\RsvpModel"
in SYSTEMPATH\Model.php on line 766.
 1 SYSTEMPATH\Model.php(766): CodeIgniter\Database\Exceptions\DataException::forInvalidAllowedFields()
 2 SYSTEMPATH\BaseModel.php(783): CodeIgniter\Model->doProtectFieldsForInsert()
 3 SYSTEMPATH\Model.php(744): CodeIgniter\BaseModel->insert()
 4 APPPATH\Controllers\Rsvp.php(59): CodeIgniter\Model->insert()
 5 SYSTEMPATH\CodeIgniter.php(941): App\Controllers\Rsvp->create()
 6 SYSTEMPATH\CodeIgniter.php(502): CodeIgniter\CodeIgniter->runController()
 7 SYSTEMPATH\CodeIgniter.php(361): CodeIgniter\CodeIgniter->handleRequest()
 8 FCPATH\index.php(79): CodeIgniter\CodeIgniter->run()
 9 SYSTEMPATH\Commands\Server\rewrite.php(47): require_once('C:\\MAMP\\htdocs\\dcwedding_api\\public\\index.php')
CRITICAL - 2024-01-10 16:35:53 --> CodeIgniter\Database\Exceptions\DataException: Allowed fields must be specified for model: "App\Models\RsvpModel"
in SYSTEMPATH\Model.php on line 766.
 1 SYSTEMPATH\Model.php(766): CodeIgniter\Database\Exceptions\DataException::forInvalidAllowedFields()
 2 SYSTEMPATH\BaseModel.php(783): CodeIgniter\Model->doProtectFieldsForInsert()
 3 SYSTEMPATH\Model.php(744): CodeIgniter\BaseModel->insert()
 4 APPPATH\Controllers\Rsvp.php(61): CodeIgniter\Model->insert()
 5 SYSTEMPATH\CodeIgniter.php(941): App\Controllers\Rsvp->create()
 6 SYSTEMPATH\CodeIgniter.php(502): CodeIgniter\CodeIgniter->runController()
 7 SYSTEMPATH\CodeIgniter.php(361): CodeIgniter\CodeIgniter->handleRequest()
 8 FCPATH\index.php(79): CodeIgniter\CodeIgniter->run()
 9 SYSTEMPATH\Commands\Server\rewrite.php(47): require_once('C:\\MAMP\\htdocs\\dcwedding_api\\public\\index.php')
CRITICAL - 2024-01-10 16:35:57 --> CodeIgniter\Database\Exceptions\DataException: Allowed fields must be specified for model: "App\Models\RsvpModel"
in SYSTEMPATH\Model.php on line 766.
 1 SYSTEMPATH\Model.php(766): CodeIgniter\Database\Exceptions\DataException::forInvalidAllowedFields()
 2 SYSTEMPATH\BaseModel.php(783): CodeIgniter\Model->doProtectFieldsForInsert()
 3 SYSTEMPATH\Model.php(744): CodeIgniter\BaseModel->insert()
 4 APPPATH\Controllers\Rsvp.php(61): CodeIgniter\Model->insert()
 5 SYSTEMPATH\CodeIgniter.php(941): App\Controllers\Rsvp->create()
 6 SYSTEMPATH\CodeIgniter.php(502): CodeIgniter\CodeIgniter->runController()
 7 SYSTEMPATH\CodeIgniter.php(361): CodeIgniter\CodeIgniter->handleRequest()
 8 FCPATH\index.php(79): CodeIgniter\CodeIgniter->run()
 9 SYSTEMPATH\Commands\Server\rewrite.php(47): require_once('C:\\MAMP\\htdocs\\dcwedding_api\\public\\index.php')
CRITICAL - 2024-01-10 16:36:34 --> CodeIgniter\Database\Exceptions\DataException: Allowed fields must be specified for model: "App\Models\RsvpModel"
in SYSTEMPATH\Model.php on line 766.
 1 SYSTEMPATH\Model.php(766): CodeIgniter\Database\Exceptions\DataException::forInvalidAllowedFields()
 2 SYSTEMPATH\BaseModel.php(783): CodeIgniter\Model->doProtectFieldsForInsert()
 3 SYSTEMPATH\Model.php(744): CodeIgniter\BaseModel->insert()
 4 APPPATH\Controllers\Rsvp.php(62): CodeIgniter\Model->insert()
 5 SYSTEMPATH\CodeIgniter.php(941): App\Controllers\Rsvp->create()
 6 SYSTEMPATH\CodeIgniter.php(502): CodeIgniter\CodeIgniter->runController()
 7 SYSTEMPATH\CodeIgniter.php(361): CodeIgniter\CodeIgniter->handleRequest()
 8 FCPATH\index.php(79): CodeIgniter\CodeIgniter->run()
 9 SYSTEMPATH\Commands\Server\rewrite.php(47): require_once('C:\\MAMP\\htdocs\\dcwedding_api\\public\\index.php')
ERROR - 2024-01-10 16:47:06 --> mysqli_sql_exception: Invalid default value for 'is_approved' in C:\MAMP\htdocs\dcwedding_api\system\Database\MySQLi\Connection.php:306
Stack trace:
#0 C:\MAMP\htdocs\dcwedding_api\system\Database\MySQLi\Connection.php(306): mysqli->query()
#1 C:\MAMP\htdocs\dcwedding_api\system\Database\BaseConnection.php(693): CodeIgniter\Database\MySQLi\Connection->execute()
#2 C:\MAMP\htdocs\dcwedding_api\system\Database\BaseConnection.php(607): CodeIgniter\Database\BaseConnection->simpleQuery()
#3 C:\MAMP\htdocs\dcwedding_api\system\Database\Forge.php(546): CodeIgniter\Database\BaseConnection->query()
#4 C:\MAMP\htdocs\dcwedding_api\app\Database\Migrations\2024-01-10-164055_Rsvp.php(55): CodeIgniter\Database\Forge->createTable()
#5 C:\MAMP\htdocs\dcwedding_api\system\Database\MigrationRunner.php(865): App\Database\Migrations\Rsvp->up()
#6 C:\MAMP\htdocs\dcwedding_api\system\Database\MigrationRunner.php(181): CodeIgniter\Database\MigrationRunner->migrate()
#7 C:\MAMP\htdocs\dcwedding_api\system\Commands\Database\Migrate.php(84): CodeIgniter\Database\MigrationRunner->latest()
#8 C:\MAMP\htdocs\dcwedding_api\system\CLI\Commands.php(65): CodeIgniter\Commands\Database\Migrate->run()
#9 C:\MAMP\htdocs\dcwedding_api\system\CLI\Console.php(46): CodeIgniter\CLI\Commands->run()
#10 C:\MAMP\htdocs\dcwedding_api\spark(102): CodeIgniter\CLI\Console->run()
#11 {main}
CRITICAL - 2024-01-10 16:48:04 --> CodeIgniter\Database\Exceptions\DataException: Allowed fields must be specified for model: "App\Models\RsvpModel"
in SYSTEMPATH\Model.php on line 766.
 1 SYSTEMPATH\Model.php(766): CodeIgniter\Database\Exceptions\DataException::forInvalidAllowedFields()
 2 SYSTEMPATH\BaseModel.php(783): CodeIgniter\Model->doProtectFieldsForInsert()
 3 SYSTEMPATH\Model.php(744): CodeIgniter\BaseModel->insert()
 4 APPPATH\Controllers\Rsvp.php(59): CodeIgniter\Model->insert()
 5 SYSTEMPATH\CodeIgniter.php(941): App\Controllers\Rsvp->create()
 6 SYSTEMPATH\CodeIgniter.php(502): CodeIgniter\CodeIgniter->runController()
 7 SYSTEMPATH\CodeIgniter.php(361): CodeIgniter\CodeIgniter->handleRequest()
 8 FCPATH\index.php(79): CodeIgniter\CodeIgniter->run()
 9 SYSTEMPATH\Commands\Server\rewrite.php(47): require_once('C:\\MAMP\\htdocs\\dcwedding_api\\public\\index.php')
CRITICAL - 2024-01-10 16:48:22 --> CodeIgniter\Database\Exceptions\DataException: Allowed fields must be specified for model: "App\Models\RsvpModel"
in SYSTEMPATH\Model.php on line 766.
 1 SYSTEMPATH\Model.php(766): CodeIgniter\Database\Exceptions\DataException::forInvalidAllowedFields()
 2 SYSTEMPATH\BaseModel.php(783): CodeIgniter\Model->doProtectFieldsForInsert()
 3 SYSTEMPATH\Model.php(744): CodeIgniter\BaseModel->insert()
 4 APPPATH\Controllers\Rsvp.php(59): CodeIgniter\Model->insert()
 5 SYSTEMPATH\CodeIgniter.php(941): App\Controllers\Rsvp->create()
 6 SYSTEMPATH\CodeIgniter.php(502): CodeIgniter\CodeIgniter->runController()
 7 SYSTEMPATH\CodeIgniter.php(361): CodeIgniter\CodeIgniter->handleRequest()
 8 FCPATH\index.php(79): CodeIgniter\CodeIgniter->run()
 9 SYSTEMPATH\Commands\Server\rewrite.php(47): require_once('C:\\MAMP\\htdocs\\dcwedding_api\\public\\index.php')
CRITICAL - 2024-01-10 16:49:15 --> ErrorException: Attempt to read property "errno" on false
in SYSTEMPATH\Database\MySQLi\Connection.php on line 578.
 1 SYSTEMPATH\Database\MySQLi\Connection.php(578): CodeIgniter\Debug\Exceptions->errorHandler()
 2 SYSTEMPATH\Model.php(508): CodeIgniter\Database\MySQLi\Connection->error()
 3 SYSTEMPATH\BaseModel.php(1213): CodeIgniter\Model->doErrors()
 4 APPPATH\Controllers\Rsvp.php(68): CodeIgniter\BaseModel->errors()
 5 SYSTEMPATH\CodeIgniter.php(941): App\Controllers\Rsvp->create()
 6 SYSTEMPATH\CodeIgniter.php(502): CodeIgniter\CodeIgniter->runController()
 7 SYSTEMPATH\CodeIgniter.php(361): CodeIgniter\CodeIgniter->handleRequest()
 8 FCPATH\index.php(79): CodeIgniter\CodeIgniter->run()
 9 SYSTEMPATH\Commands\Server\rewrite.php(47): require_once('C:\\MAMP\\htdocs\\dcwedding_api\\public\\index.php')
CRITICAL - 2024-01-10 16:49:44 --> CodeIgniter\Database\Exceptions\DataException: Allowed fields must be specified for model: "App\Models\RsvpModel"
in SYSTEMPATH\Model.php on line 766.
 1 SYSTEMPATH\Model.php(766): CodeIgniter\Database\Exceptions\DataException::forInvalidAllowedFields()
 2 SYSTEMPATH\BaseModel.php(783): CodeIgniter\Model->doProtectFieldsForInsert()
 3 SYSTEMPATH\Model.php(744): CodeIgniter\BaseModel->insert()
 4 APPPATH\Controllers\Rsvp.php(59): CodeIgniter\Model->insert()
 5 SYSTEMPATH\CodeIgniter.php(941): App\Controllers\Rsvp->create()
 6 SYSTEMPATH\CodeIgniter.php(502): CodeIgniter\CodeIgniter->runController()
 7 SYSTEMPATH\CodeIgniter.php(361): CodeIgniter\CodeIgniter->handleRequest()
 8 FCPATH\index.php(79): CodeIgniter\CodeIgniter->run()
 9 SYSTEMPATH\Commands\Server\rewrite.php(47): require_once('C:\\MAMP\\htdocs\\dcwedding_api\\public\\index.php')
CRITICAL - 2024-01-10 16:49:47 --> CodeIgniter\Database\Exceptions\DataException: Allowed fields must be specified for model: "App\Models\RsvpModel"
in SYSTEMPATH\Model.php on line 766.
 1 SYSTEMPATH\Model.php(766): CodeIgniter\Database\Exceptions\DataException::forInvalidAllowedFields()
 2 SYSTEMPATH\BaseModel.php(783): CodeIgniter\Model->doProtectFieldsForInsert()
 3 SYSTEMPATH\Model.php(744): CodeIgniter\BaseModel->insert()
 4 APPPATH\Controllers\Rsvp.php(59): CodeIgniter\Model->insert()
 5 SYSTEMPATH\CodeIgniter.php(941): App\Controllers\Rsvp->create()
 6 SYSTEMPATH\CodeIgniter.php(502): CodeIgniter\CodeIgniter->runController()
 7 SYSTEMPATH\CodeIgniter.php(361): CodeIgniter\CodeIgniter->handleRequest()
 8 FCPATH\index.php(79): CodeIgniter\CodeIgniter->run()
 9 SYSTEMPATH\Commands\Server\rewrite.php(47): require_once('C:\\MAMP\\htdocs\\dcwedding_api\\public\\index.php')
CRITICAL - 2024-01-10 16:49:55 --> CodeIgniter\Database\Exceptions\DataException: Allowed fields must be specified for model: "App\Models\RsvpModel"
in SYSTEMPATH\Model.php on line 766.
 1 SYSTEMPATH\Model.php(766): CodeIgniter\Database\Exceptions\DataException::forInvalidAllowedFields()
 2 SYSTEMPATH\BaseModel.php(783): CodeIgniter\Model->doProtectFieldsForInsert()
 3 SYSTEMPATH\Model.php(744): CodeIgniter\BaseModel->insert()
 4 APPPATH\Controllers\Rsvp.php(59): CodeIgniter\Model->insert()
 5 SYSTEMPATH\CodeIgniter.php(941): App\Controllers\Rsvp->create()
 6 SYSTEMPATH\CodeIgniter.php(502): CodeIgniter\CodeIgniter->runController()
 7 SYSTEMPATH\CodeIgniter.php(361): CodeIgniter\CodeIgniter->handleRequest()
 8 FCPATH\index.php(79): CodeIgniter\CodeIgniter->run()
 9 SYSTEMPATH\Commands\Server\rewrite.php(47): require_once('C:\\MAMP\\htdocs\\dcwedding_api\\public\\index.php')
CRITICAL - 2024-01-10 16:50:48 --> CodeIgniter\Database\Exceptions\DataException: Allowed fields must be specified for model: "App\Models\RsvpModel"
in SYSTEMPATH\Model.php on line 766.
 1 SYSTEMPATH\Model.php(766): CodeIgniter\Database\Exceptions\DataException::forInvalidAllowedFields()
 2 SYSTEMPATH\BaseModel.php(783): CodeIgniter\Model->doProtectFieldsForInsert()
 3 SYSTEMPATH\Model.php(744): CodeIgniter\BaseModel->insert()
 4 APPPATH\Controllers\Rsvp.php(59): CodeIgniter\Model->insert()
 5 SYSTEMPATH\CodeIgniter.php(941): App\Controllers\Rsvp->create()
 6 SYSTEMPATH\CodeIgniter.php(502): CodeIgniter\CodeIgniter->runController()
 7 SYSTEMPATH\CodeIgniter.php(361): CodeIgniter\CodeIgniter->handleRequest()
 8 FCPATH\index.php(79): CodeIgniter\CodeIgniter->run()
 9 SYSTEMPATH\Commands\Server\rewrite.php(47): require_once('C:\\MAMP\\htdocs\\dcwedding_api\\public\\index.php')
CRITICAL - 2024-01-10 16:50:49 --> CodeIgniter\Database\Exceptions\DataException: Allowed fields must be specified for model: "App\Models\RsvpModel"
in SYSTEMPATH\Model.php on line 766.
 1 SYSTEMPATH\Model.php(766): CodeIgniter\Database\Exceptions\DataException::forInvalidAllowedFields()
 2 SYSTEMPATH\BaseModel.php(783): CodeIgniter\Model->doProtectFieldsForInsert()
 3 SYSTEMPATH\Model.php(744): CodeIgniter\BaseModel->insert()
 4 APPPATH\Controllers\Rsvp.php(59): CodeIgniter\Model->insert()
 5 SYSTEMPATH\CodeIgniter.php(941): App\Controllers\Rsvp->create()
 6 SYSTEMPATH\CodeIgniter.php(502): CodeIgniter\CodeIgniter->runController()
 7 SYSTEMPATH\CodeIgniter.php(361): CodeIgniter\CodeIgniter->handleRequest()
 8 FCPATH\index.php(79): CodeIgniter\CodeIgniter->run()
 9 SYSTEMPATH\Commands\Server\rewrite.php(47): require_once('C:\\MAMP\\htdocs\\dcwedding_api\\public\\index.php')
CRITICAL - 2024-01-10 16:51:12 --> CodeIgniter\Database\Exceptions\DataException: Allowed fields must be specified for model: "App\Models\RsvpModel"
in SYSTEMPATH\Model.php on line 766.
 1 SYSTEMPATH\Model.php(766): CodeIgniter\Database\Exceptions\DataException::forInvalidAllowedFields()
 2 SYSTEMPATH\BaseModel.php(783): CodeIgniter\Model->doProtectFieldsForInsert()
 3 SYSTEMPATH\Model.php(744): CodeIgniter\BaseModel->insert()
 4 APPPATH\Controllers\Rsvp.php(59): CodeIgniter\Model->insert()
 5 SYSTEMPATH\CodeIgniter.php(941): App\Controllers\Rsvp->create()
 6 SYSTEMPATH\CodeIgniter.php(502): CodeIgniter\CodeIgniter->runController()
 7 SYSTEMPATH\CodeIgniter.php(361): CodeIgniter\CodeIgniter->handleRequest()
 8 FCPATH\index.php(79): CodeIgniter\CodeIgniter->run()
 9 SYSTEMPATH\Commands\Server\rewrite.php(47): require_once('C:\\MAMP\\htdocs\\dcwedding_api\\public\\index.php')
CRITICAL - 2024-01-10 16:51:14 --> CodeIgniter\Database\Exceptions\DataException: Allowed fields must be specified for model: "App\Models\RsvpModel"
in SYSTEMPATH\Model.php on line 766.
 1 SYSTEMPATH\Model.php(766): CodeIgniter\Database\Exceptions\DataException::forInvalidAllowedFields()
 2 SYSTEMPATH\BaseModel.php(783): CodeIgniter\Model->doProtectFieldsForInsert()
 3 SYSTEMPATH\Model.php(744): CodeIgniter\BaseModel->insert()
 4 APPPATH\Controllers\Rsvp.php(59): CodeIgniter\Model->insert()
 5 SYSTEMPATH\CodeIgniter.php(941): App\Controllers\Rsvp->create()
 6 SYSTEMPATH\CodeIgniter.php(502): CodeIgniter\CodeIgniter->runController()
 7 SYSTEMPATH\CodeIgniter.php(361): CodeIgniter\CodeIgniter->handleRequest()
 8 FCPATH\index.php(79): CodeIgniter\CodeIgniter->run()
 9 SYSTEMPATH\Commands\Server\rewrite.php(47): require_once('C:\\MAMP\\htdocs\\dcwedding_api\\public\\index.php')
CRITICAL - 2024-01-10 16:51:52 --> CodeIgniter\Database\Exceptions\DataException: Allowed fields must be specified for model: "App\Models\RsvpModel"
in SYSTEMPATH\Model.php on line 766.
 1 SYSTEMPATH\Model.php(766): CodeIgniter\Database\Exceptions\DataException::forInvalidAllowedFields()
 2 SYSTEMPATH\BaseModel.php(783): CodeIgniter\Model->doProtectFieldsForInsert()
 3 SYSTEMPATH\Model.php(744): CodeIgniter\BaseModel->insert()
 4 APPPATH\Controllers\Rsvp.php(59): CodeIgniter\Model->insert()
 5 SYSTEMPATH\CodeIgniter.php(941): App\Controllers\Rsvp->create()
 6 SYSTEMPATH\CodeIgniter.php(502): CodeIgniter\CodeIgniter->runController()
 7 SYSTEMPATH\CodeIgniter.php(361): CodeIgniter\CodeIgniter->handleRequest()
 8 FCPATH\index.php(79): CodeIgniter\CodeIgniter->run()
 9 SYSTEMPATH\Commands\Server\rewrite.php(47): require_once('C:\\MAMP\\htdocs\\dcwedding_api\\public\\index.php')
CRITICAL - 2024-01-10 16:51:53 --> CodeIgniter\Database\Exceptions\DataException: Allowed fields must be specified for model: "App\Models\RsvpModel"
in SYSTEMPATH\Model.php on line 766.
 1 SYSTEMPATH\Model.php(766): CodeIgniter\Database\Exceptions\DataException::forInvalidAllowedFields()
 2 SYSTEMPATH\BaseModel.php(783): CodeIgniter\Model->doProtectFieldsForInsert()
 3 SYSTEMPATH\Model.php(744): CodeIgniter\BaseModel->insert()
 4 APPPATH\Controllers\Rsvp.php(59): CodeIgniter\Model->insert()
 5 SYSTEMPATH\CodeIgniter.php(941): App\Controllers\Rsvp->create()
 6 SYSTEMPATH\CodeIgniter.php(502): CodeIgniter\CodeIgniter->runController()
 7 SYSTEMPATH\CodeIgniter.php(361): CodeIgniter\CodeIgniter->handleRequest()
 8 FCPATH\index.php(79): CodeIgniter\CodeIgniter->run()
 9 SYSTEMPATH\Commands\Server\rewrite.php(47): require_once('C:\\MAMP\\htdocs\\dcwedding_api\\public\\index.php')
CRITICAL - 2024-01-10 16:52:44 --> CodeIgniter\Database\Exceptions\DataException: Allowed fields must be specified for model: "App\Models\RsvpModel"
in SYSTEMPATH\Model.php on line 766.
 1 SYSTEMPATH\Model.php(766): CodeIgniter\Database\Exceptions\DataException::forInvalidAllowedFields()
 2 SYSTEMPATH\BaseModel.php(783): CodeIgniter\Model->doProtectFieldsForInsert()
 3 SYSTEMPATH\Model.php(744): CodeIgniter\BaseModel->insert()
 4 APPPATH\Controllers\Rsvp.php(59): CodeIgniter\Model->insert()
 5 SYSTEMPATH\CodeIgniter.php(941): App\Controllers\Rsvp->create()
 6 SYSTEMPATH\CodeIgniter.php(502): CodeIgniter\CodeIgniter->runController()
 7 SYSTEMPATH\CodeIgniter.php(361): CodeIgniter\CodeIgniter->handleRequest()
 8 FCPATH\index.php(79): CodeIgniter\CodeIgniter->run()
 9 SYSTEMPATH\Commands\Server\rewrite.php(47): require_once('C:\\MAMP\\htdocs\\dcwedding_api\\public\\index.php')
CRITICAL - 2024-01-10 16:53:08 --> CodeIgniter\Database\Exceptions\DataException: Allowed fields must be specified for model: "App\Models\RsvpModel"
in SYSTEMPATH\Model.php on line 766.
 1 SYSTEMPATH\Model.php(766): CodeIgniter\Database\Exceptions\DataException::forInvalidAllowedFields()
 2 SYSTEMPATH\BaseModel.php(783): CodeIgniter\Model->doProtectFieldsForInsert()
 3 SYSTEMPATH\Model.php(744): CodeIgniter\BaseModel->insert()
 4 APPPATH\Controllers\Rsvp.php(59): CodeIgniter\Model->insert()
 5 SYSTEMPATH\CodeIgniter.php(941): App\Controllers\Rsvp->create()
 6 SYSTEMPATH\CodeIgniter.php(502): CodeIgniter\CodeIgniter->runController()
 7 SYSTEMPATH\CodeIgniter.php(361): CodeIgniter\CodeIgniter->handleRequest()
 8 FCPATH\index.php(79): CodeIgniter\CodeIgniter->run()
 9 SYSTEMPATH\Commands\Server\rewrite.php(47): require_once('C:\\MAMP\\htdocs\\dcwedding_api\\public\\index.php')
CRITICAL - 2024-01-10 16:56:24 --> CodeIgniter\Database\Exceptions\DataException: Allowed fields must be specified for model: "App\Models\RsvpModel"
in SYSTEMPATH\Model.php on line 766.
 1 SYSTEMPATH\Model.php(766): CodeIgniter\Database\Exceptions\DataException::forInvalidAllowedFields()
 2 SYSTEMPATH\BaseModel.php(783): CodeIgniter\Model->doProtectFieldsForInsert()
 3 SYSTEMPATH\Model.php(744): CodeIgniter\BaseModel->insert()
 4 APPPATH\Controllers\Rsvp.php(59): CodeIgniter\Model->insert()
 5 SYSTEMPATH\CodeIgniter.php(941): App\Controllers\Rsvp->create()
 6 SYSTEMPATH\CodeIgniter.php(502): CodeIgniter\CodeIgniter->runController()
 7 SYSTEMPATH\CodeIgniter.php(361): CodeIgniter\CodeIgniter->handleRequest()
 8 FCPATH\index.php(79): CodeIgniter\CodeIgniter->run()
 9 SYSTEMPATH\Commands\Server\rewrite.php(47): require_once('C:\\MAMP\\htdocs\\dcwedding_api\\public\\index.php')
ERROR - 2024-01-10 16:58:21 --> 1
CRITICAL - 2024-01-10 17:10:00 --> ParseError: syntax error, unexpected single-quoted string "is_unique", expecting "]"
in APPPATH\Models\RsvpModel.php on line 35.
 1 SYSTEMPATH\Autoloader\Autoloader.php(288): CodeIgniter\Autoloader\Autoloader->includeFile()
 2 SYSTEMPATH\Autoloader\Autoloader.php(266): CodeIgniter\Autoloader\Autoloader->loadInNamespace()
 3 [internal function]: CodeIgniter\Autoloader\Autoloader->loadClass()
 4 SYSTEMPATH\RESTful\BaseResource.php(67): class_exists()
 5 SYSTEMPATH\RESTful\BaseResource.php(49): CodeIgniter\RESTful\BaseResource->setModel()
 6 SYSTEMPATH\CodeIgniter.php(914): CodeIgniter\RESTful\BaseResource->initController()
 7 SYSTEMPATH\CodeIgniter.php(493): CodeIgniter\CodeIgniter->createController()
 8 SYSTEMPATH\CodeIgniter.php(361): CodeIgniter\CodeIgniter->handleRequest()
 9 FCPATH\index.php(79): CodeIgniter\CodeIgniter->run()
10 SYSTEMPATH\Commands\Server\rewrite.php(47): require_once('C:\\MAMP\\htdocs\\dcwedding_api\\public\\index.php')
CRITICAL - 2024-01-10 17:10:07 --> ParseError: syntax error, unexpected single-quoted string "is_unique", expecting "]"
in APPPATH\Models\RsvpModel.php on line 35.
 1 SYSTEMPATH\Autoloader\Autoloader.php(288): CodeIgniter\Autoloader\Autoloader->includeFile()
 2 SYSTEMPATH\Autoloader\Autoloader.php(266): CodeIgniter\Autoloader\Autoloader->loadInNamespace()
 3 [internal function]: CodeIgniter\Autoloader\Autoloader->loadClass()
 4 SYSTEMPATH\RESTful\BaseResource.php(67): class_exists()
 5 SYSTEMPATH\RESTful\BaseResource.php(49): CodeIgniter\RESTful\BaseResource->setModel()
 6 SYSTEMPATH\CodeIgniter.php(914): CodeIgniter\RESTful\BaseResource->initController()
 7 SYSTEMPATH\CodeIgniter.php(493): CodeIgniter\CodeIgniter->createController()
 8 SYSTEMPATH\CodeIgniter.php(361): CodeIgniter\CodeIgniter->handleRequest()
 9 FCPATH\index.php(79): CodeIgniter\CodeIgniter->run()
10 SYSTEMPATH\Commands\Server\rewrite.php(47): require_once('C:\\MAMP\\htdocs\\dcwedding_api\\public\\index.php')
CRITICAL - 2024-01-10 17:17:37 --> CodeIgniter\Database\Exceptions\DataException: "hashName" is not a valid Model Event callback.
in SYSTEMPATH\BaseModel.php on line 1643.
 1 SYSTEMPATH\BaseModel.php(1643): CodeIgniter\Database\Exceptions\DataException::forInvalidMethodTriggered()
 2 SYSTEMPATH\BaseModel.php(799): CodeIgniter\BaseModel->trigger()
 3 SYSTEMPATH\Model.php(744): CodeIgniter\BaseModel->insert()
 4 APPPATH\Controllers\Rsvp.php(59): CodeIgniter\Model->insert()
 5 SYSTEMPATH\CodeIgniter.php(941): App\Controllers\Rsvp->create()
 6 SYSTEMPATH\CodeIgniter.php(502): CodeIgniter\CodeIgniter->runController()
 7 SYSTEMPATH\CodeIgniter.php(361): CodeIgniter\CodeIgniter->handleRequest()
 8 FCPATH\index.php(79): CodeIgniter\CodeIgniter->run()
 9 SYSTEMPATH\Commands\Server\rewrite.php(47): require_once('C:\\MAMP\\htdocs\\dcwedding_api\\public\\index.php')
CRITICAL - 2024-01-10 17:19:26 --> CodeIgniter\Database\Exceptions\DataException: "setIsApproved" is not a valid Model Event callback.
in SYSTEMPATH\BaseModel.php on line 1643.
 1 SYSTEMPATH\BaseModel.php(1643): CodeIgniter\Database\Exceptions\DataException::forInvalidMethodTriggered()
 2 SYSTEMPATH\BaseModel.php(799): CodeIgniter\BaseModel->trigger()
 3 SYSTEMPATH\Model.php(744): CodeIgniter\BaseModel->insert()
 4 APPPATH\Controllers\Rsvp.php(59): CodeIgniter\Model->insert()
 5 SYSTEMPATH\CodeIgniter.php(941): App\Controllers\Rsvp->create()
 6 SYSTEMPATH\CodeIgniter.php(502): CodeIgniter\CodeIgniter->runController()
 7 SYSTEMPATH\CodeIgniter.php(361): CodeIgniter\CodeIgniter->handleRequest()
 8 FCPATH\index.php(79): CodeIgniter\CodeIgniter->run()
 9 SYSTEMPATH\Commands\Server\rewrite.php(47): require_once('C:\\MAMP\\htdocs\\dcwedding_api\\public\\index.php')
CRITICAL - 2024-01-10 17:20:32 --> CodeIgniter\Database\Exceptions\DataException: "setIsApproved" is not a valid Model Event callback.
in SYSTEMPATH\BaseModel.php on line 1643.
 1 SYSTEMPATH\BaseModel.php(1643): CodeIgniter\Database\Exceptions\DataException::forInvalidMethodTriggered()
 2 SYSTEMPATH\BaseModel.php(799): CodeIgniter\BaseModel->trigger()
 3 SYSTEMPATH\Model.php(744): CodeIgniter\BaseModel->insert()
 4 APPPATH\Controllers\Rsvp.php(59): CodeIgniter\Model->insert()
 5 SYSTEMPATH\CodeIgniter.php(941): App\Controllers\Rsvp->create()
 6 SYSTEMPATH\CodeIgniter.php(502): CodeIgniter\CodeIgniter->runController()
 7 SYSTEMPATH\CodeIgniter.php(361): CodeIgniter\CodeIgniter->handleRequest()
 8 FCPATH\index.php(79): CodeIgniter\CodeIgniter->run()
 9 SYSTEMPATH\Commands\Server\rewrite.php(47): require_once('C:\\MAMP\\htdocs\\dcwedding_api\\public\\index.php')
CRITICAL - 2024-01-10 17:20:35 --> CodeIgniter\Database\Exceptions\DataException: "setIsApproved" is not a valid Model Event callback.
in SYSTEMPATH\BaseModel.php on line 1643.
 1 SYSTEMPATH\BaseModel.php(1643): CodeIgniter\Database\Exceptions\DataException::forInvalidMethodTriggered()
 2 SYSTEMPATH\BaseModel.php(799): CodeIgniter\BaseModel->trigger()
 3 SYSTEMPATH\Model.php(744): CodeIgniter\BaseModel->insert()
 4 APPPATH\Controllers\Rsvp.php(59): CodeIgniter\Model->insert()
 5 SYSTEMPATH\CodeIgniter.php(941): App\Controllers\Rsvp->create()
 6 SYSTEMPATH\CodeIgniter.php(502): CodeIgniter\CodeIgniter->runController()
 7 SYSTEMPATH\CodeIgniter.php(361): CodeIgniter\CodeIgniter->handleRequest()
 8 FCPATH\index.php(79): CodeIgniter\CodeIgniter->run()
 9 SYSTEMPATH\Commands\Server\rewrite.php(47): require_once('C:\\MAMP\\htdocs\\dcwedding_api\\public\\index.php')
CRITICAL - 2024-01-10 17:21:15 --> CodeIgniter\Database\Exceptions\DataException: "asd" is not a valid Model Event callback.
in SYSTEMPATH\BaseModel.php on line 1643.
 1 SYSTEMPATH\BaseModel.php(1643): CodeIgniter\Database\Exceptions\DataException::forInvalidMethodTriggered()
 2 SYSTEMPATH\BaseModel.php(799): CodeIgniter\BaseModel->trigger()
 3 SYSTEMPATH\Model.php(744): CodeIgniter\BaseModel->insert()
 4 APPPATH\Controllers\Rsvp.php(59): CodeIgniter\Model->insert()
 5 SYSTEMPATH\CodeIgniter.php(941): App\Controllers\Rsvp->create()
 6 SYSTEMPATH\CodeIgniter.php(502): CodeIgniter\CodeIgniter->runController()
 7 SYSTEMPATH\CodeIgniter.php(361): CodeIgniter\CodeIgniter->handleRequest()
 8 FCPATH\index.php(79): CodeIgniter\CodeIgniter->run()
 9 SYSTEMPATH\Commands\Server\rewrite.php(47): require_once('C:\\MAMP\\htdocs\\dcwedding_api\\public\\index.php')
CRITICAL - 2024-01-10 17:22:23 --> CodeIgniter\Database\Exceptions\DataException: "asd" is not a valid Model Event callback.
in SYSTEMPATH\BaseModel.php on line 1643.
 1 SYSTEMPATH\BaseModel.php(1643): CodeIgniter\Database\Exceptions\DataException::forInvalidMethodTriggered()
 2 SYSTEMPATH\BaseModel.php(799): CodeIgniter\BaseModel->trigger()
 3 SYSTEMPATH\Model.php(744): CodeIgniter\BaseModel->insert()
 4 APPPATH\Controllers\Rsvp.php(59): CodeIgniter\Model->insert()
 5 SYSTEMPATH\CodeIgniter.php(941): App\Controllers\Rsvp->create()
 6 SYSTEMPATH\CodeIgniter.php(502): CodeIgniter\CodeIgniter->runController()
 7 SYSTEMPATH\CodeIgniter.php(361): CodeIgniter\CodeIgniter->handleRequest()
 8 FCPATH\index.php(79): CodeIgniter\CodeIgniter->run()
 9 SYSTEMPATH\Commands\Server\rewrite.php(47): require_once('C:\\MAMP\\htdocs\\dcwedding_api\\public\\index.php')
CRITICAL - 2024-01-10 17:24:09 --> CodeIgniter\Database\Exceptions\DataException: "asd" is not a valid Model Event callback.
in SYSTEMPATH\BaseModel.php on line 1643.
 1 SYSTEMPATH\BaseModel.php(1643): CodeIgniter\Database\Exceptions\DataException::forInvalidMethodTriggered()
 2 SYSTEMPATH\BaseModel.php(799): CodeIgniter\BaseModel->trigger()
 3 SYSTEMPATH\Model.php(744): CodeIgniter\BaseModel->insert()
 4 APPPATH\Controllers\Rsvp.php(59): CodeIgniter\Model->insert()
 5 SYSTEMPATH\CodeIgniter.php(941): App\Controllers\Rsvp->create()
 6 SYSTEMPATH\CodeIgniter.php(502): CodeIgniter\CodeIgniter->runController()
 7 SYSTEMPATH\CodeIgniter.php(361): CodeIgniter\CodeIgniter->handleRequest()
 8 FCPATH\index.php(79): CodeIgniter\CodeIgniter->run()
 9 SYSTEMPATH\Commands\Server\rewrite.php(47): require_once('C:\\MAMP\\htdocs\\dcwedding_api\\public\\index.php')
CRITICAL - 2024-01-10 17:24:11 --> CodeIgniter\Database\Exceptions\DataException: "asd" is not a valid Model Event callback.
in SYSTEMPATH\BaseModel.php on line 1643.
 1 SYSTEMPATH\BaseModel.php(1643): CodeIgniter\Database\Exceptions\DataException::forInvalidMethodTriggered()
 2 SYSTEMPATH\BaseModel.php(799): CodeIgniter\BaseModel->trigger()
 3 SYSTEMPATH\Model.php(744): CodeIgniter\BaseModel->insert()
 4 APPPATH\Controllers\Rsvp.php(59): CodeIgniter\Model->insert()
 5 SYSTEMPATH\CodeIgniter.php(941): App\Controllers\Rsvp->create()
 6 SYSTEMPATH\CodeIgniter.php(502): CodeIgniter\CodeIgniter->runController()
 7 SYSTEMPATH\CodeIgniter.php(361): CodeIgniter\CodeIgniter->handleRequest()
 8 FCPATH\index.php(79): CodeIgniter\CodeIgniter->run()
 9 SYSTEMPATH\Commands\Server\rewrite.php(47): require_once('C:\\MAMP\\htdocs\\dcwedding_api\\public\\index.php')
CRITICAL - 2024-01-10 17:24:32 --> CodeIgniter\Database\Exceptions\DataException: "testA" is not a valid Model Event callback.
in SYSTEMPATH\BaseModel.php on line 1643.
 1 SYSTEMPATH\BaseModel.php(1643): CodeIgniter\Database\Exceptions\DataException::forInvalidMethodTriggered()
 2 SYSTEMPATH\BaseModel.php(799): CodeIgniter\BaseModel->trigger()
 3 SYSTEMPATH\Model.php(744): CodeIgniter\BaseModel->insert()
 4 APPPATH\Controllers\Rsvp.php(59): CodeIgniter\Model->insert()
 5 SYSTEMPATH\CodeIgniter.php(941): App\Controllers\Rsvp->create()
 6 SYSTEMPATH\CodeIgniter.php(502): CodeIgniter\CodeIgniter->runController()
 7 SYSTEMPATH\CodeIgniter.php(361): CodeIgniter\CodeIgniter->handleRequest()
 8 FCPATH\index.php(79): CodeIgniter\CodeIgniter->run()
 9 SYSTEMPATH\Commands\Server\rewrite.php(47): require_once('C:\\MAMP\\htdocs\\dcwedding_api\\public\\index.php')
CRITICAL - 2024-01-10 17:24:33 --> CodeIgniter\Database\Exceptions\DataException: "testA" is not a valid Model Event callback.
in SYSTEMPATH\BaseModel.php on line 1643.
 1 SYSTEMPATH\BaseModel.php(1643): CodeIgniter\Database\Exceptions\DataException::forInvalidMethodTriggered()
 2 SYSTEMPATH\BaseModel.php(799): CodeIgniter\BaseModel->trigger()
 3 SYSTEMPATH\Model.php(744): CodeIgniter\BaseModel->insert()
 4 APPPATH\Controllers\Rsvp.php(59): CodeIgniter\Model->insert()
 5 SYSTEMPATH\CodeIgniter.php(941): App\Controllers\Rsvp->create()
 6 SYSTEMPATH\CodeIgniter.php(502): CodeIgniter\CodeIgniter->runController()
 7 SYSTEMPATH\CodeIgniter.php(361): CodeIgniter\CodeIgniter->handleRequest()
 8 FCPATH\index.php(79): CodeIgniter\CodeIgniter->run()
 9 SYSTEMPATH\Commands\Server\rewrite.php(47): require_once('C:\\MAMP\\htdocs\\dcwedding_api\\public\\index.php')
ERROR - 2024-01-10 17:32:04 --> mysqli_sql_exception: Table 'rsvps' already exists in C:\MAMP\htdocs\dcwedding_api\system\Database\MySQLi\Connection.php:306
Stack trace:
#0 C:\MAMP\htdocs\dcwedding_api\system\Database\MySQLi\Connection.php(306): mysqli->query()
#1 C:\MAMP\htdocs\dcwedding_api\system\Database\BaseConnection.php(693): CodeIgniter\Database\MySQLi\Connection->execute()
#2 C:\MAMP\htdocs\dcwedding_api\system\Database\BaseConnection.php(607): CodeIgniter\Database\BaseConnection->simpleQuery()
#3 C:\MAMP\htdocs\dcwedding_api\system\Database\Forge.php(546): CodeIgniter\Database\BaseConnection->query()
#4 C:\MAMP\htdocs\dcwedding_api\app\Database\Migrations\2024-01-10-164055_Rsvp.php(55): CodeIgniter\Database\Forge->createTable()
#5 C:\MAMP\htdocs\dcwedding_api\system\Database\MigrationRunner.php(865): App\Database\Migrations\Rsvp->up()
#6 C:\MAMP\htdocs\dcwedding_api\system\Database\MigrationRunner.php(181): CodeIgniter\Database\MigrationRunner->migrate()
#7 C:\MAMP\htdocs\dcwedding_api\system\Commands\Database\Migrate.php(84): CodeIgniter\Database\MigrationRunner->latest()
#8 C:\MAMP\htdocs\dcwedding_api\system\CLI\Commands.php(65): CodeIgniter\Commands\Database\Migrate->run()
#9 C:\MAMP\htdocs\dcwedding_api\system\CLI\Console.php(46): CodeIgniter\CLI\Commands->run()
#10 C:\MAMP\htdocs\dcwedding_api\spark(102): CodeIgniter\CLI\Console->run()
#11 {main}
CRITICAL - 2024-01-10 17:44:39 --> ParseError: syntax error, unexpected identifier "header", expecting "function"
in APPPATH\Controllers\Rsvp.php on line 13.
 1 SYSTEMPATH\Router\Router.php(514): CodeIgniter\Router\AutoRouter->getRoute()
 2 SYSTEMPATH\Router\Router.php(210): CodeIgniter\Router\Router->autoRoute()
 3 SYSTEMPATH\CodeIgniter.php(823): CodeIgniter\Router\Router->handle()
 4 SYSTEMPATH\CodeIgniter.php(450): CodeIgniter\CodeIgniter->tryToRouteIt()
 5 SYSTEMPATH\CodeIgniter.php(361): CodeIgniter\CodeIgniter->handleRequest()
 6 FCPATH\index.php(79): CodeIgniter\CodeIgniter->run()
 7 SYSTEMPATH\Commands\Server\rewrite.php(47): require_once('C:\\MAMP\\htdocs\\dcwedding_api\\public\\index.php')
CRITICAL - 2024-01-10 17:45:10 --> ParseError: syntax error, unexpected identifier "header", expecting "function"
in APPPATH\Controllers\Rsvp.php on line 13.
 1 SYSTEMPATH\Autoloader\Autoloader.php(288): CodeIgniter\Autoloader\Autoloader->includeFile()
 2 SYSTEMPATH\Autoloader\Autoloader.php(266): CodeIgniter\Autoloader\Autoloader->loadInNamespace()
 3 [internal function]: CodeIgniter\Autoloader\Autoloader->loadClass()
 4 SYSTEMPATH\CodeIgniter.php(899): class_exists()
 5 SYSTEMPATH\CodeIgniter.php(489): CodeIgniter\CodeIgniter->startController()
 6 SYSTEMPATH\CodeIgniter.php(361): CodeIgniter\CodeIgniter->handleRequest()
 7 FCPATH\index.php(79): CodeIgniter\CodeIgniter->run()
 8 SYSTEMPATH\Commands\Server\rewrite.php(47): require_once('C:\\MAMP\\htdocs\\dcwedding_api\\public\\index.php')
CRITICAL - 2024-01-10 17:45:47 --> ParseError: syntax error, unexpected identifier "header", expecting "function"
in APPPATH\Controllers\Rsvp.php on line 13.
 1 SYSTEMPATH\Autoloader\Autoloader.php(288): CodeIgniter\Autoloader\Autoloader->includeFile()
 2 SYSTEMPATH\Autoloader\Autoloader.php(266): CodeIgniter\Autoloader\Autoloader->loadInNamespace()
 3 [internal function]: CodeIgniter\Autoloader\Autoloader->loadClass()
 4 SYSTEMPATH\CodeIgniter.php(899): class_exists()
 5 SYSTEMPATH\CodeIgniter.php(489): CodeIgniter\CodeIgniter->startController()
 6 SYSTEMPATH\CodeIgniter.php(361): CodeIgniter\CodeIgniter->handleRequest()
 7 FCPATH\index.php(79): CodeIgniter\CodeIgniter->run()
 8 SYSTEMPATH\Commands\Server\rewrite.php(47): require_once('C:\\MAMP\\htdocs\\dcwedding_api\\public\\index.php')
CRITICAL - 2024-01-10 17:47:00 --> ParseError: syntax error, unexpected identifier "header", expecting "function"
in APPPATH\Controllers\Rsvp.php on line 13.
 1 SYSTEMPATH\Autoloader\Autoloader.php(288): CodeIgniter\Autoloader\Autoloader->includeFile()
 2 SYSTEMPATH\Autoloader\Autoloader.php(266): CodeIgniter\Autoloader\Autoloader->loadInNamespace()
 3 [internal function]: CodeIgniter\Autoloader\Autoloader->loadClass()
 4 SYSTEMPATH\CodeIgniter.php(899): class_exists()
 5 SYSTEMPATH\CodeIgniter.php(489): CodeIgniter\CodeIgniter->startController()
 6 SYSTEMPATH\CodeIgniter.php(361): CodeIgniter\CodeIgniter->handleRequest()
 7 FCPATH\index.php(79): CodeIgniter\CodeIgniter->run()
 8 SYSTEMPATH\Commands\Server\rewrite.php(47): require_once('C:\\MAMP\\htdocs\\dcwedding_api\\public\\index.php')
CRITICAL - 2024-01-10 17:47:33 --> ParseError: syntax error, unexpected identifier "header", expecting "function"
in APPPATH\Controllers\Rsvp.php on line 13.
 1 SYSTEMPATH\Autoloader\Autoloader.php(288): CodeIgniter\Autoloader\Autoloader->includeFile()
 2 SYSTEMPATH\Autoloader\Autoloader.php(266): CodeIgniter\Autoloader\Autoloader->loadInNamespace()
 3 [internal function]: CodeIgniter\Autoloader\Autoloader->loadClass()
 4 SYSTEMPATH\CodeIgniter.php(899): class_exists()
 5 SYSTEMPATH\CodeIgniter.php(489): CodeIgniter\CodeIgniter->startController()
 6 SYSTEMPATH\CodeIgniter.php(361): CodeIgniter\CodeIgniter->handleRequest()
 7 FCPATH\index.php(79): CodeIgniter\CodeIgniter->run()
 8 SYSTEMPATH\Commands\Server\rewrite.php(47): require_once('C:\\MAMP\\htdocs\\dcwedding_api\\public\\index.php')
CRITICAL - 2024-01-10 17:48:22 --> ParseError: syntax error, unexpected identifier "header", expecting "function"
in APPPATH\Controllers\Rsvp.php on line 13.
 1 SYSTEMPATH\Autoloader\Autoloader.php(288): CodeIgniter\Autoloader\Autoloader->includeFile()
 2 SYSTEMPATH\Autoloader\Autoloader.php(266): CodeIgniter\Autoloader\Autoloader->loadInNamespace()
 3 [internal function]: CodeIgniter\Autoloader\Autoloader->loadClass()
 4 SYSTEMPATH\CodeIgniter.php(899): class_exists()
 5 SYSTEMPATH\CodeIgniter.php(489): CodeIgniter\CodeIgniter->startController()
 6 SYSTEMPATH\CodeIgniter.php(361): CodeIgniter\CodeIgniter->handleRequest()
 7 FCPATH\index.php(79): CodeIgniter\CodeIgniter->run()
 8 SYSTEMPATH\Commands\Server\rewrite.php(47): require_once('C:\\MAMP\\htdocs\\dcwedding_api\\public\\index.php')
CRITICAL - 2024-01-10 17:49:08 --> ParseError: syntax error, unexpected identifier "header", expecting "function"
in APPPATH\Controllers\Rsvp.php on line 13.
 1 SYSTEMPATH\Autoloader\Autoloader.php(288): CodeIgniter\Autoloader\Autoloader->includeFile()
 2 SYSTEMPATH\Autoloader\Autoloader.php(266): CodeIgniter\Autoloader\Autoloader->loadInNamespace()
 3 [internal function]: CodeIgniter\Autoloader\Autoloader->loadClass()
 4 SYSTEMPATH\CodeIgniter.php(899): class_exists()
 5 SYSTEMPATH\CodeIgniter.php(489): CodeIgniter\CodeIgniter->startController()
 6 SYSTEMPATH\CodeIgniter.php(361): CodeIgniter\CodeIgniter->handleRequest()
 7 FCPATH\index.php(79): CodeIgniter\CodeIgniter->run()
 8 SYSTEMPATH\Commands\Server\rewrite.php(47): require_once('C:\\MAMP\\htdocs\\dcwedding_api\\public\\index.php')
