CRITICAL - 2024-01-16 04:58:24 --> Error: Class "Locale" not found
in SYSTEMPATH\CodeIgniter.php on line 218.
 1 ROOTPATH\spark(88): CodeIgniter\CodeIgniter->initialize()
CRITICAL - 2024-01-16 04:58:24 --> ErrorException: Uncaught Error: Class "Locale" not found in C:\Users\daniel\Desktop\api.dcwedding\system\I18n\TimeTrait.php:74
Stack trace:
#0 C:\Users\daniel\Desktop\api.dcwedding\system\I18n\TimeTrait.php(115): CodeIgniter\I18n\Time->__construct(NULL, NULL, NULL)
#1 C:\Users\daniel\Desktop\api.dcwedding\system\HTTP\ResponseTrait.php(468): CodeIgniter\I18n\Time::now()
#2 C:\Users\daniel\Desktop\api.dcwedding\system\HTTP\ResponseTrait.php(446): CodeIgniter\HTTP\Response->sendHeaders()
#3 C:\Users\daniel\Desktop\api.dcwedding\system\Debug\ExceptionHandler.php(81): CodeIgniter\HTTP\Response->send()
#4 C:\Users\daniel\Desktop\api.dcwedding\system\Debug\Exceptions.php(156): CodeIgniter\Debug\ExceptionHandler->handle(Object(Error), Object(CodeIgniter\HTTP\IncomingRequest), Object(CodeIgniter\HTTP\Response), 500, 1)
#5 [internal function]: CodeIgniter\Debug\Exceptions->exceptionHandler(Object(Error))
#6 {main}
  thrown
【Previous Exception】
Error
Class "Locale" not found
#0 C:\Users\daniel\Desktop\api.dcwedding\spark(88): CodeIgniter\CodeIgniter->initialize()
#1 {main}
in SYSTEMPATH\I18n\TimeTrait.php on line 74.
 1 [internal function]: CodeIgniter\Debug\Exceptions->shutdownHandler()
CRITICAL - 2024-01-16 04:59:57 --> Error: Class "Locale" not found
in SYSTEMPATH\CodeIgniter.php on line 218.
 1 ROOTPATH\spark(88): CodeIgniter\CodeIgniter->initialize()
CRITICAL - 2024-01-16 04:59:57 --> ErrorException: Uncaught Error: Class "Locale" not found in C:\Users\daniel\Desktop\api.dcwedding\system\I18n\TimeTrait.php:74
Stack trace:
#0 C:\Users\daniel\Desktop\api.dcwedding\system\I18n\TimeTrait.php(115): CodeIgniter\I18n\Time->__construct(NULL, NULL, NULL)
#1 C:\Users\daniel\Desktop\api.dcwedding\system\HTTP\ResponseTrait.php(468): CodeIgniter\I18n\Time::now()
#2 C:\Users\daniel\Desktop\api.dcwedding\system\HTTP\ResponseTrait.php(446): CodeIgniter\HTTP\Response->sendHeaders()
#3 C:\Users\daniel\Desktop\api.dcwedding\system\Debug\ExceptionHandler.php(81): CodeIgniter\HTTP\Response->send()
#4 C:\Users\daniel\Desktop\api.dcwedding\system\Debug\Exceptions.php(156): CodeIgniter\Debug\ExceptionHandler->handle(Object(Error), Object(CodeIgniter\HTTP\IncomingRequest), Object(CodeIgniter\HTTP\Response), 500, 1)
#5 [internal function]: CodeIgniter\Debug\Exceptions->exceptionHandler(Object(Error))
#6 {main}
  thrown
【Previous Exception】
Error
Class "Locale" not found
#0 C:\Users\daniel\Desktop\api.dcwedding\spark(88): CodeIgniter\CodeIgniter->initialize()
#1 {main}
in SYSTEMPATH\I18n\TimeTrait.php on line 74.
 1 [internal function]: CodeIgniter\Debug\Exceptions->shutdownHandler()
CRITICAL - 2024-01-16 05:00:17 --> Error: Class "Locale" not found
in SYSTEMPATH\CodeIgniter.php on line 218.
 1 ROOTPATH\spark(88): CodeIgniter\CodeIgniter->initialize()
CRITICAL - 2024-01-16 05:00:17 --> ErrorException: Uncaught Error: Class "Locale" not found in C:\Users\daniel\Desktop\api.dcwedding\system\I18n\TimeTrait.php:74
Stack trace:
#0 C:\Users\daniel\Desktop\api.dcwedding\system\I18n\TimeTrait.php(115): CodeIgniter\I18n\Time->__construct(NULL, NULL, NULL)
#1 C:\Users\daniel\Desktop\api.dcwedding\system\HTTP\ResponseTrait.php(468): CodeIgniter\I18n\Time::now()
#2 C:\Users\daniel\Desktop\api.dcwedding\system\HTTP\ResponseTrait.php(446): CodeIgniter\HTTP\Response->sendHeaders()
#3 C:\Users\daniel\Desktop\api.dcwedding\system\Debug\ExceptionHandler.php(81): CodeIgniter\HTTP\Response->send()
#4 C:\Users\daniel\Desktop\api.dcwedding\system\Debug\Exceptions.php(156): CodeIgniter\Debug\ExceptionHandler->handle(Object(Error), Object(CodeIgniter\HTTP\IncomingRequest), Object(CodeIgniter\HTTP\Response), 500, 1)
#5 [internal function]: CodeIgniter\Debug\Exceptions->exceptionHandler(Object(Error))
#6 {main}
  thrown
【Previous Exception】
Error
Class "Locale" not found
#0 C:\Users\daniel\Desktop\api.dcwedding\spark(88): CodeIgniter\CodeIgniter->initialize()
#1 {main}
in SYSTEMPATH\I18n\TimeTrait.php on line 74.
 1 [internal function]: CodeIgniter\Debug\Exceptions->shutdownHandler()
CRITICAL - 2024-01-16 05:10:38 --> Error: Undefined constant "CodeIgniter\Database\MySQLi\MYSQLI_STORE_RESULT"
in SYSTEMPATH\Database\Database.php on line 137.
 1 SYSTEMPATH\Database\Database.php(55): CodeIgniter\Database\Database->initDriver()
 2 SYSTEMPATH\Database\Config.php(82): CodeIgniter\Database\Database->load()
 3 SYSTEMPATH\Common.php(365): CodeIgniter\Database\Config::connect()
 4 SYSTEMPATH\Database\MigrationRunner.php(144): db_connect()
 5 SYSTEMPATH\Config\Services.php(417): CodeIgniter\Database\MigrationRunner->__construct()
 6 SYSTEMPATH\Config\BaseService.php(258): CodeIgniter\Config\Services::migrations()
 7 SYSTEMPATH\Config\BaseService.php(199): CodeIgniter\Config\BaseService::__callStatic()
 8 SYSTEMPATH\Config\Services.php(412): CodeIgniter\Config\BaseService::getSharedInstance()
 9 SYSTEMPATH\Config\BaseService.php(258): CodeIgniter\Config\Services::migrations()
10 SYSTEMPATH\Commands\Database\Migrate.php(69): CodeIgniter\Config\BaseService::__callStatic()
11 SYSTEMPATH\CLI\Commands.php(65): CodeIgniter\Commands\Database\Migrate->run()
12 SYSTEMPATH\CLI\Console.php(46): CodeIgniter\CLI\Commands->run()
13 ROOTPATH\spark(102): CodeIgniter\CLI\Console->run()
ERROR - 2024-01-16 05:12:30 --> Error connecting to the database: mysqli_sql_exception: No connection could be made because the target machine actively refused it in C:\Users\daniel\Desktop\api.dcwedding\system\Database\MySQLi\Connection.php:184
Stack trace:
#0 C:\Users\daniel\Desktop\api.dcwedding\system\Database\MySQLi\Connection.php(184): mysqli->real_connect()
#1 C:\Users\daniel\Desktop\api.dcwedding\system\Database\BaseConnection.php(392): CodeIgniter\Database\MySQLi\Connection->connect()
#2 C:\Users\daniel\Desktop\api.dcwedding\system\Database\BaseConnection.php(575): CodeIgniter\Database\BaseConnection->initialize()
#3 C:\Users\daniel\Desktop\api.dcwedding\system\Database\BaseConnection.php(1410): CodeIgniter\Database\BaseConnection->query()
#4 C:\Users\daniel\Desktop\api.dcwedding\system\Database\BaseConnection.php(1429): CodeIgniter\Database\BaseConnection->listTables()
#5 C:\Users\daniel\Desktop\api.dcwedding\system\Database\MigrationRunner.php(757): CodeIgniter\Database\BaseConnection->tableExists()
#6 C:\Users\daniel\Desktop\api.dcwedding\system\Database\MigrationRunner.php(161): CodeIgniter\Database\MigrationRunner->ensureTable()
#7 C:\Users\daniel\Desktop\api.dcwedding\system\Commands\Database\Migrate.php(84): CodeIgniter\Database\MigrationRunner->latest()
#8 C:\Users\daniel\Desktop\api.dcwedding\system\CLI\Commands.php(65): CodeIgniter\Commands\Database\Migrate->run()
#9 C:\Users\daniel\Desktop\api.dcwedding\system\CLI\Console.php(46): CodeIgniter\CLI\Commands->run()
#10 C:\Users\daniel\Desktop\api.dcwedding\spark(102): CodeIgniter\CLI\Console->run()
#11 {main}

Next CodeIgniter\Database\Exceptions\DatabaseException: No connection could be made because the target machine actively refused it in C:\Users\daniel\Desktop\api.dcwedding\system\Database\MySQLi\Connection.php:229
Stack trace:
#0 C:\Users\daniel\Desktop\api.dcwedding\system\Database\BaseConnection.php(392): CodeIgniter\Database\MySQLi\Connection->connect()
#1 C:\Users\daniel\Desktop\api.dcwedding\system\Database\BaseConnection.php(575): CodeIgniter\Database\BaseConnection->initialize()
#2 C:\Users\daniel\Desktop\api.dcwedding\system\Database\BaseConnection.php(1410): CodeIgniter\Database\BaseConnection->query()
#3 C:\Users\daniel\Desktop\api.dcwedding\system\Database\BaseConnection.php(1429): CodeIgniter\Database\BaseConnection->listTables()
#4 C:\Users\daniel\Desktop\api.dcwedding\system\Database\MigrationRunner.php(757): CodeIgniter\Database\BaseConnection->tableExists()
#5 C:\Users\daniel\Desktop\api.dcwedding\system\Database\MigrationRunner.php(161): CodeIgniter\Database\MigrationRunner->ensureTable()
#6 C:\Users\daniel\Desktop\api.dcwedding\system\Commands\Database\Migrate.php(84): CodeIgniter\Database\MigrationRunner->latest()
#7 C:\Users\daniel\Desktop\api.dcwedding\system\CLI\Commands.php(65): CodeIgniter\Commands\Database\Migrate->run()
#8 C:\Users\daniel\Desktop\api.dcwedding\system\CLI\Console.php(46): CodeIgniter\CLI\Commands->run()
#9 C:\Users\daniel\Desktop\api.dcwedding\spark(102): CodeIgniter\CLI\Console->run()
#10 {main}
